c:\users\b4d1k\documents\github\laboratory\лр2\x64\release\vc120.pdb
c:\users\b4d1k\documents\github\laboratory\лр2\x64\release\myusercontrol.obj
c:\users\b4d1k\documents\github\laboratory\лр2\x64\release\myform.obj
c:\users\b4d1k\documents\github\laboratory\лр2\x64\release\cpoint.obj
c:\users\b4d1k\documents\github\laboratory\лр2\x64\release\.netframework,version=v4.5.assemblyattributes.obj
c:\users\b4d1k\documents\github\laboratory\x64\release\лр2.exe
c:\users\b4d1k\documents\github\laboratory\x64\release\лр2.pdb
c:\users\b4d1k\documents\github\laboratory\лр2\x64\release\лр2.myform.resources
c:\users\b4d1k\documents\github\laboratory\лр2\x64\release\лр2.myusercontrol.resources
c:\users\b4d1k\documents\github\laboratory\лр2\x64\release\лр2.mylabel.resources
c:\users\b4d1k\documents\github\laboratory\лр2\x64\release\лр2.vcxproj.generateresource.cache
c:\users\b4d1k\documents\github\laboratory\лр2\x64\release\лр2.tlog\cl.command.1.tlog
c:\users\b4d1k\documents\github\laboratory\лр2\x64\release\лр2.tlog\cl.read.1.tlog
c:\users\b4d1k\documents\github\laboratory\лр2\x64\release\лр2.tlog\cl.write.1.tlog
c:\users\b4d1k\documents\github\laboratory\лр2\x64\release\лр2.tlog\link.command.1.tlog
c:\users\b4d1k\documents\github\laboratory\лр2\x64\release\лр2.tlog\link.read.1.tlog
c:\users\b4d1k\documents\github\laboratory\лр2\x64\release\лр2.tlog\link.write.1.tlog
c:\users\b4d1k\documents\github\laboratory\лр2\x64\release\лр2.tlog\metagen.read.1.tlog
c:\users\b4d1k\documents\github\laboratory\лр2\x64\release\лр2.tlog\metagen.write.1.tlog
c:\users\b4d1k\documents\github\laboratory\лр2\x64\release\лр2.tlog\лр2.write.1u.tlog
c:\users\b4d1k\documents\github\laboratory\лр2\x64\release\лр2.tlog\tzres.dll.bi
